<?xml version="1.0" encoding="UTF-8"?>
<robot generator="Robot 5.0.1 (Python 3.9.13 on win32)" generated="20231026 14:29:24.782" rpa="false" schemaversion="3">
<suite id="s1" name="Opencomputer" source="c:\Users\Bemnet\Robotframework\..Resource\Testcases\Opencomputer.robot">
<test id="s1-t1" name="Scenario: Basic Computer Purchase" line="41">
<kw name="Given the customer visits the website" library="Checkout">
<kw name="Open Browser" library="SeleniumLibrary">
<arg>${URL25}</arg>
<arg>Chrome</arg>
<doc>Opens a new browser instance to the optional ``url``.</doc>
<msg timestamp="20231026 14:29:27.114" level="INFO">Opening browser 'Chrome' to base url 'https://demowebshop.tricentis.com/'.</msg>
<status status="PASS" starttime="20231026 14:29:27.111" endtime="20231026 14:29:30.231"/>
</kw>
<kw name="Maximize Browser Window" library="SeleniumLibrary">
<doc>Maximizes current browser window.</doc>
<status status="PASS" starttime="20231026 14:29:30.231" endtime="20231026 14:29:30.383"/>
</kw>
<kw name="Wait Until Page Contains" library="SeleniumLibrary">
<arg>Register</arg>
<doc>Waits until ``text`` appears on the current page.</doc>
<status status="PASS" starttime="20231026 14:29:30.384" endtime="20231026 14:29:30.407"/>
</kw>
<status status="PASS" starttime="20231026 14:29:27.109" endtime="20231026 14:29:30.408"/>
</kw>
<kw name="When the customer selects a computer" library="Checkout">
<kw name="Click Element" library="SeleniumLibrary">
<arg>(//a[normalize-space()='Computers'])[1]</arg>
<doc>Click the element identified by ``locator``.</doc>
<msg timestamp="20231026 14:29:30.411" level="INFO">Clicking element '(//a[normalize-space()='Computers'])[1]'.</msg>
<status status="PASS" starttime="20231026 14:29:30.410" endtime="20231026 14:29:31.134"/>
</kw>
<kw name="Click Element" library="SeleniumLibrary">
<arg>(//img[@title='Show products in category Desktops'])[1]</arg>
<doc>Click the element identified by ``locator``.</doc>
<msg timestamp="20231026 14:29:31.134" level="INFO">Clicking element '(//img[@title='Show products in category Desktops'])[1]'.</msg>
<status status="PASS" starttime="20231026 14:29:31.134" endtime="20231026 14:29:31.799"/>
</kw>
<kw name="Click Element" library="SeleniumLibrary">
<arg>(//input[@value='Add to cart'])[1]</arg>
<doc>Click the element identified by ``locator``.</doc>
<msg timestamp="20231026 14:29:31.799" level="INFO">Clicking element '(//input[@value='Add to cart'])[1]'.</msg>
<status status="PASS" starttime="20231026 14:29:31.799" endtime="20231026 14:29:31.858"/>
</kw>
<kw name="Wait Until Page Contains" library="SeleniumLibrary">
<arg>Build your own cheap computer</arg>
<doc>Waits until ``text`` appears on the current page.</doc>
<status status="PASS" starttime="20231026 14:29:31.858" endtime="20231026 14:29:31.875"/>
</kw>
<kw name="Sleep" library="BuiltIn">
<arg>2s</arg>
<doc>Pauses the test executed for the given time.</doc>
<msg timestamp="20231026 14:29:33.888" level="INFO">Slept 2 seconds</msg>
<status status="PASS" starttime="20231026 14:29:31.875" endtime="20231026 14:29:33.889"/>
</kw>
<kw name="Execute Javascript" library="SeleniumLibrary">
<arg>window.scrollTo(0, 750);</arg>
<doc>Executes the given JavaScript code with possible arguments.</doc>
<msg timestamp="20231026 14:29:33.889" level="INFO">Executing JavaScript:
window.scrollTo(0, 750);
Without any arguments.</msg>
<status status="PASS" starttime="20231026 14:29:33.889" endtime="20231026 14:29:33.899"/>
</kw>
<kw name="Sleep" library="BuiltIn">
<arg>5s</arg>
<doc>Pauses the test executed for the given time.</doc>
<msg timestamp="20231026 14:29:38.903" level="INFO">Slept 5 seconds</msg>
<status status="PASS" starttime="20231026 14:29:33.899" endtime="20231026 14:29:38.903"/>
</kw>
<status status="PASS" starttime="20231026 14:29:30.409" endtime="20231026 14:29:38.905"/>
</kw>
<kw name="And the customer adds the computer to the shopping cart" library="Checkout">
<kw name="Click Button" library="SeleniumLibrary">
<arg>(//input[@id='add-to-cart-button-72'])[1]</arg>
<doc>Clicks the button identified by ``locator``.</doc>
<msg timestamp="20231026 14:29:38.905" level="INFO">Clicking button '(//input[@id='add-to-cart-button-72'])[1]'.</msg>
<status status="PASS" starttime="20231026 14:29:38.905" endtime="20231026 14:29:38.973"/>
</kw>
<kw name="Wait Until Element Is Visible" library="SeleniumLibrary">
<arg>(//span[@class='cart-qty'])[1]</arg>
<doc>Waits until the element ``locator`` is visible.</doc>
<status status="PASS" starttime="20231026 14:29:38.973" endtime="20231026 14:29:39.006"/>
</kw>
<kw name="Sleep" library="BuiltIn">
<arg>5s</arg>
<doc>Pauses the test executed for the given time.</doc>
<msg timestamp="20231026 14:29:44.019" level="INFO">Slept 5 seconds</msg>
<status status="PASS" starttime="20231026 14:29:39.006" endtime="20231026 14:29:44.019"/>
</kw>
<kw name="Click Element" library="SeleniumLibrary">
<arg>(//span[normalize-space()='Shopping cart'])[1]</arg>
<doc>Click the element identified by ``locator``.</doc>
<msg timestamp="20231026 14:29:44.020" level="INFO">Clicking element '(//span[normalize-space()='Shopping cart'])[1]'.</msg>
<status status="PASS" starttime="20231026 14:29:44.020" endtime="20231026 14:29:44.542"/>
</kw>
<status status="PASS" starttime="20231026 14:29:38.905" endtime="20231026 14:29:44.543"/>
</kw>
<kw name="Then the customer should be able to purchase the computer" library="Checkout">
<kw name="Click Button" library="SeleniumLibrary">
<arg>(//input[@id='termsofservice'])[1]</arg>
<doc>Clicks the button identified by ``locator``.</doc>
<msg timestamp="20231026 14:29:44.548" level="INFO">Clicking button '(//input[@id='termsofservice'])[1]'.</msg>
<status status="PASS" starttime="20231026 14:29:44.548" endtime="20231026 14:29:44.671"/>
</kw>
<kw name="Click Button" library="SeleniumLibrary">
<arg>(//button[normalize-space()='Checkout'])[1]</arg>
<doc>Clicks the button identified by ``locator``.</doc>
<msg timestamp="20231026 14:29:44.673" level="INFO">Clicking button '(//button[normalize-space()='Checkout'])[1]'.</msg>
<status status="PASS" starttime="20231026 14:29:44.672" endtime="20231026 14:29:45.191"/>
</kw>
<kw name="Sleep" library="BuiltIn">
<arg>1s</arg>
<doc>Pauses the test executed for the given time.</doc>
<msg timestamp="20231026 14:29:46.207" level="INFO">Slept 1 second</msg>
<status status="PASS" starttime="20231026 14:29:45.192" endtime="20231026 14:29:46.208"/>
</kw>
<kw name="Click Button" library="SeleniumLibrary">
<arg>(//input[@value='Checkout as Guest'])[1]</arg>
<doc>Clicks the button identified by ``locator``.</doc>
<msg timestamp="20231026 14:29:46.209" level="INFO">Clicking button '(//input[@value='Checkout as Guest'])[1]'.</msg>
<status status="PASS" starttime="20231026 14:29:46.208" endtime="20231026 14:29:47.006"/>
</kw>
<kw name="Input Text" library="SeleniumLibrary">
<arg>(//input[@id='BillingNewAddress_FirstName'])[1]</arg>
<arg>${First name}</arg>
<doc>Types the given ``text`` into the text field identified by ``locator``.</doc>
<msg timestamp="20231026 14:29:47.008" level="INFO">Typing text 'Bennie' into text field '(//input[@id='BillingNewAddress_FirstName'])[1]'.</msg>
<status status="PASS" starttime="20231026 14:29:47.007" endtime="20231026 14:29:47.158"/>
</kw>
<kw name="Input Text" library="SeleniumLibrary">
<arg>(//input[@id='BillingNewAddress_LastName'])[1]</arg>
<arg>${Last name}</arg>
<doc>Types the given ``text`` into the text field identified by ``locator``.</doc>
<msg timestamp="20231026 14:29:47.160" level="INFO">Typing text 'Toper' into text field '(//input[@id='BillingNewAddress_LastName'])[1]'.</msg>
<status status="PASS" starttime="20231026 14:29:47.158" endtime="20231026 14:29:47.262"/>
</kw>
<kw name="Input Text" library="SeleniumLibrary">
<arg>(//input[@id='BillingNewAddress_Email'])[1]</arg>
<arg>${Email}</arg>
<doc>Types the given ``text`` into the text field identified by ``locator``.</doc>
<msg timestamp="20231026 14:29:47.262" level="INFO">Typing text 'Benok@gmail.com' into text field '(//input[@id='BillingNewAddress_Email'])[1]'.</msg>
<status status="PASS" starttime="20231026 14:29:47.262" endtime="20231026 14:29:47.385"/>
</kw>
<kw name="Select From List By Label" library="SeleniumLibrary">
<arg>BillingNewAddress_CountryId</arg>
<arg>Netherlands</arg>
<doc>Selects options from selection list ``locator`` by ``labels``.</doc>
<msg timestamp="20231026 14:29:47.386" level="INFO">Selecting options from selection list 'BillingNewAddress_CountryId' by label Netherlands.</msg>
<status status="PASS" starttime="20231026 14:29:47.386" endtime="20231026 14:29:47.493"/>
</kw>
<kw name="Input Text" library="SeleniumLibrary">
<arg>(//input[@id='BillingNewAddress_City'])[1]</arg>
<arg>${City}</arg>
<doc>Types the given ``text`` into the text field identified by ``locator``.</doc>
<msg timestamp="20231026 14:29:47.494" level="INFO">Typing text 'Haarlem' into text field '(//input[@id='BillingNewAddress_City'])[1]'.</msg>
<status status="PASS" starttime="20231026 14:29:47.493" endtime="20231026 14:29:47.609"/>
</kw>
<kw name="Input Text" library="SeleniumLibrary">
<arg>(//input[@id='BillingNewAddress_Address1'])[1]</arg>
<arg>${Address 1:}</arg>
<doc>Types the given ``text`` into the text field identified by ``locator``.</doc>
<msg timestamp="20231026 14:29:47.610" level="INFO">Typing text 'Van Loghemstraat 1000' into text field '(//input[@id='BillingNewAddress_Address1'])[1]'.</msg>
<status status="PASS" starttime="20231026 14:29:47.609" endtime="20231026 14:29:47.753"/>
</kw>
<kw name="Input Text" library="SeleniumLibrary">
<arg>(//input[@id='BillingNewAddress_ZipPostalCode'])[1]</arg>
<arg>${Zip}</arg>
<doc>Types the given ``text`` into the text field identified by ``locator``.</doc>
<msg timestamp="20231026 14:29:47.755" level="INFO">Typing text '2022EE' into text field '(//input[@id='BillingNewAddress_ZipPostalCode'])[1]'.</msg>
<status status="PASS" starttime="20231026 14:29:47.754" endtime="20231026 14:29:47.933"/>
</kw>
<kw name="Input Text" library="SeleniumLibrary">
<arg>(//input[@id='BillingNewAddress_PhoneNumber'])[1]</arg>
<arg>${Phonenumber}</arg>
<doc>Types the given ``text`` into the text field identified by ``locator``.</doc>
<msg timestamp="20231026 14:29:47.934" level="INFO">Typing text '06426848484' into text field '(//input[@id='BillingNewAddress_PhoneNumber'])[1]'.</msg>
<status status="PASS" starttime="20231026 14:29:47.933" endtime="20231026 14:29:48.066"/>
</kw>
<kw name="Sleep" library="BuiltIn">
<arg>2s</arg>
<doc>Pauses the test executed for the given time.</doc>
<msg timestamp="20231026 14:29:50.067" level="INFO">Slept 2 seconds</msg>
<status status="PASS" starttime="20231026 14:29:48.066" endtime="20231026 14:29:50.068"/>
</kw>
<kw name="Click Button" library="SeleniumLibrary">
<arg>(//input[@onclick='Billing.save()'])[1]</arg>
<doc>Clicks the button identified by ``locator``.</doc>
<msg timestamp="20231026 14:29:50.068" level="INFO">Clicking button '(//input[@onclick='Billing.save()'])[1]'.</msg>
<status status="PASS" starttime="20231026 14:29:50.068" endtime="20231026 14:29:50.151"/>
</kw>
<kw name="Sleep" library="BuiltIn">
<arg>2</arg>
<doc>Pauses the test executed for the given time.</doc>
<msg timestamp="20231026 14:29:52.167" level="INFO">Slept 2 seconds</msg>
<status status="PASS" starttime="20231026 14:29:50.152" endtime="20231026 14:29:52.168"/>
</kw>
<kw name="Wait Until Element Is Visible" library="SeleniumLibrary">
<arg>(//input[@onclick='Shipping.save()'])[1]</arg>
<doc>Waits until the element ``locator`` is visible.</doc>
<status status="PASS" starttime="20231026 14:29:52.168" endtime="20231026 14:29:52.198"/>
</kw>
<kw name="Click Button" library="SeleniumLibrary">
<arg>(//input[@onclick='Shipping.save()'])[1]</arg>
<doc>Clicks the button identified by ``locator``.</doc>
<msg timestamp="20231026 14:29:52.199" level="INFO">Clicking button '(//input[@onclick='Shipping.save()'])[1]'.</msg>
<status status="PASS" starttime="20231026 14:29:52.199" endtime="20231026 14:29:52.256"/>
</kw>
<kw name="Sleep" library="BuiltIn">
<arg>2</arg>
<doc>Pauses the test executed for the given time.</doc>
<msg timestamp="20231026 14:29:54.261" level="INFO">Slept 2 seconds</msg>
<status status="PASS" starttime="20231026 14:29:52.257" endtime="20231026 14:29:54.261"/>
</kw>
<kw name="Click Button" library="SeleniumLibrary">
<arg>//*[@id="shipping-method-buttons-container"]/input</arg>
<doc>Clicks the button identified by ``locator``.</doc>
<msg timestamp="20231026 14:29:54.262" level="INFO">Clicking button '//*[@id="shipping-method-buttons-container"]/input'.</msg>
<status status="PASS" starttime="20231026 14:29:54.262" endtime="20231026 14:29:54.342"/>
</kw>
<kw name="Sleep" library="BuiltIn">
<arg>1</arg>
<doc>Pauses the test executed for the given time.</doc>
<msg timestamp="20231026 14:29:55.350" level="INFO">Slept 1 second</msg>
<status status="PASS" starttime="20231026 14:29:54.342" endtime="20231026 14:29:55.350"/>
</kw>
<kw name="Execute Javascript" library="SeleniumLibrary">
<arg>window.scrollTo(0, 750);</arg>
<doc>Executes the given JavaScript code with possible arguments.</doc>
<msg timestamp="20231026 14:29:55.351" level="INFO">Executing JavaScript:
window.scrollTo(0, 750);
Without any arguments.</msg>
<status status="PASS" starttime="20231026 14:29:55.351" endtime="20231026 14:29:55.360"/>
</kw>
<kw name="Click Button" library="SeleniumLibrary">
<arg>//*[@id="payment-method-buttons-container"]/input</arg>
<doc>Clicks the button identified by ``locator``.</doc>
<msg timestamp="20231026 14:29:55.362" level="INFO">Clicking button '//*[@id="payment-method-buttons-container"]/input'.</msg>
<status status="PASS" starttime="20231026 14:29:55.361" endtime="20231026 14:29:55.428"/>
</kw>
<kw name="Sleep" library="BuiltIn">
<arg>1</arg>
<doc>Pauses the test executed for the given time.</doc>
<msg timestamp="20231026 14:29:56.432" level="INFO">Slept 1 second</msg>
<status status="PASS" starttime="20231026 14:29:55.428" endtime="20231026 14:29:56.432"/>
</kw>
<kw name="Click Button" library="SeleniumLibrary">
<arg>//*[@id="payment-info-buttons-container"]/input</arg>
<doc>Clicks the button identified by ``locator``.</doc>
<msg timestamp="20231026 14:29:56.434" level="INFO">Clicking button '//*[@id="payment-info-buttons-container"]/input'.</msg>
<status status="PASS" starttime="20231026 14:29:56.433" endtime="20231026 14:29:56.535"/>
</kw>
<kw name="Sleep" library="BuiltIn">
<arg>1</arg>
<doc>Pauses the test executed for the given time.</doc>
<msg timestamp="20231026 14:29:57.549" level="INFO">Slept 1 second</msg>
<status status="PASS" starttime="20231026 14:29:56.536" endtime="20231026 14:29:57.550"/>
</kw>
<kw name="Execute Javascript" library="SeleniumLibrary">
<arg>window.scrollTo(0, 750);</arg>
<doc>Executes the given JavaScript code with possible arguments.</doc>
<msg timestamp="20231026 14:29:57.550" level="INFO">Executing JavaScript:
window.scrollTo(0, 750);
Without any arguments.</msg>
<status status="PASS" starttime="20231026 14:29:57.550" endtime="20231026 14:29:57.562"/>
</kw>
<kw name="Click Button" library="SeleniumLibrary">
<arg>//*[@id="confirm-order-buttons-container"]/input</arg>
<doc>Clicks the button identified by ``locator``.</doc>
<msg timestamp="20231026 14:29:57.563" level="INFO">Clicking button '//*[@id="confirm-order-buttons-container"]/input'.</msg>
<status status="PASS" starttime="20231026 14:29:57.562" endtime="20231026 14:29:57.632"/>
</kw>
<kw name="Sleep" library="BuiltIn">
<arg>3s</arg>
<doc>Pauses the test executed for the given time.</doc>
<msg timestamp="20231026 14:30:00.648" level="INFO">Slept 3 seconds</msg>
<status status="PASS" starttime="20231026 14:29:57.632" endtime="20231026 14:30:00.649"/>
</kw>
<status status="PASS" starttime="20231026 14:29:44.545" endtime="20231026 14:30:00.649"/>
</kw>
<kw name="Sleep" library="BuiltIn">
<arg>3</arg>
<doc>Pauses the test executed for the given time.</doc>
<msg timestamp="20231026 14:30:03.651" level="INFO">Slept 3 seconds</msg>
<status status="PASS" starttime="20231026 14:30:00.649" endtime="20231026 14:30:03.652"/>
</kw>
<kw name="Close Browser" library="SeleniumLibrary">
<doc>Closes the current browser.</doc>
<status status="PASS" starttime="20231026 14:30:03.655" endtime="20231026 14:30:05.946"/>
</kw>
<status status="PASS" starttime="20231026 14:29:27.108" endtime="20231026 14:30:05.948"/>
</test>
<status status="PASS" starttime="20231026 14:29:24.794" endtime="20231026 14:30:05.951"/>
</suite>
<statistics>
<total>
<stat pass="1" fail="0" skip="0">All Tests</stat>
</total>
<tag>
</tag>
<suite>
<stat pass="1" fail="0" skip="0" id="s1" name="Opencomputer">Opencomputer</stat>
</suite>
</statistics>
<errors>
<msg timestamp="20231026 14:29:27.044" level="ERROR">Error in file 'c:\Users\Bemnet\Robotframework\..Resource\Checkout.robot' on line 3: Error in file 'c:\Users\Bemnet\Robotframework\..Resource\Regtest.robot' on line 116: Resource file with 'Test Cases' section is invalid.</msg>
<msg timestamp="20231026 14:29:27.082" level="ERROR">Error in file 'c:\Users\Bemnet\Robotframework\..Resource\Register.robot' on line 6: Error in file 'c:\Users\Bemnet\Robotframework\..Resource\Name.robot' on line 11: Resource file with 'Test Cases' section is invalid.</msg>
<msg timestamp="20231026 14:29:27.090" level="ERROR">Error in file 'c:\Users\Bemnet\Robotframework\..Resource\Testcases\Opencomputer.robot' on line 6: Error in file 'c:\Users\Bemnet\Robotframework\..Resource\Name.robot' on line 11: Resource file with 'Test Cases' section is invalid.</msg>
<msg timestamp="20231026 14:29:27.102" level="ERROR">Error in file 'c:\Users\Bemnet\Robotframework\..Resource\Testcases\Opencomputer.robot' on line 7: Error in file 'c:\Users\Bemnet\Robotframework\..Resource\Regtest.robot' on line 116: Resource file with 'Test Cases' section is invalid.</msg>
</errors>
</robot>
