<?xml version="1.0" encoding="UTF-8"?>
<robot generator="Robot 5.0.1 (Python 3.9.13 on win32)" generated="20231109 15:21:41.104" rpa="false" schemaversion="3">
<suite id="s1" name="Opencomputer" source="c:\Users\Bemnet\Robotframework\..Resource\Testcases\Opencomputer.robot">
<test id="s1-t1" name="Scenario: Klant registreert zich op de website" line="33">
<kw name="Given De gebruiker is op de registratiepagina" library="Checkout">
<kw name="Open Browser" library="SeleniumLibrary">
<arg>${URL15}</arg>
<arg>Chrome</arg>
<doc>Opens a new browser instance to the optional ``url``.</doc>
<msg timestamp="20231109 15:21:43.693" level="INFO">Opening browser 'Chrome' to base url 'https://demowebshop.tricentis.com/register'.</msg>
<status status="PASS" starttime="20231109 15:21:43.692" endtime="20231109 15:21:46.124"/>
</kw>
<kw name="Maximize Browser Window" library="SeleniumLibrary">
<doc>Maximizes current browser window.</doc>
<status status="PASS" starttime="20231109 15:21:46.124" endtime="20231109 15:21:46.239"/>
</kw>
<kw name="Wait Until Page Contains" library="SeleniumLibrary">
<arg>Register</arg>
<doc>Waits until ``text`` appears on the current page.</doc>
<status status="PASS" starttime="20231109 15:21:46.240" endtime="20231109 15:21:46.272"/>
</kw>
<status status="PASS" starttime="20231109 15:21:43.692" endtime="20231109 15:21:46.273"/>
</kw>
<kw name="When De gebruiker vult de registratiegegevens in" library="Checkout">
<kw name="Click Element" library="SeleniumLibrary">
<arg>(//input[@id='gender-male'])[1]</arg>
<doc>Click the element identified by ``locator``.</doc>
<msg timestamp="20231109 15:21:46.277" level="INFO">Clicking element '(//input[@id='gender-male'])[1]'.</msg>
<status status="PASS" starttime="20231109 15:21:46.275" endtime="20231109 15:21:46.363"/>
</kw>
<kw name="Generate Random First Name" library="Random">
<var>${first_name}</var>
<kw name="Evaluate" library="BuiltIn">
<var>${first_name}</var>
<arg>random.choice(["John", "Alice", "Bob", "Emma", "Michael"])</arg>
<doc>Evaluates the given expression in Python and returns the result.</doc>
<msg timestamp="20231109 15:21:46.363" level="INFO">${first_name} = Michael</msg>
<status status="PASS" starttime="20231109 15:21:46.363" endtime="20231109 15:21:46.363"/>
</kw>
<msg timestamp="20231109 15:21:46.363" level="INFO">${first_name} = Michael</msg>
<status status="PASS" starttime="20231109 15:21:46.363" endtime="20231109 15:21:46.363"/>
</kw>
<kw name="Generate Random Last Name" library="Random">
<var>${last_name}</var>
<kw name="Evaluate" library="BuiltIn">
<var>${last_name}</var>
<arg>random.choice(["Smith", "Johnson", "Brown", "Lee", "Davis"])</arg>
<doc>Evaluates the given expression in Python and returns the result.</doc>
<msg timestamp="20231109 15:21:46.363" level="INFO">${last_name} = Brown</msg>
<status status="PASS" starttime="20231109 15:21:46.363" endtime="20231109 15:21:46.363"/>
</kw>
<msg timestamp="20231109 15:21:46.363" level="INFO">${last_name} = Brown</msg>
<status status="PASS" starttime="20231109 15:21:46.363" endtime="20231109 15:21:46.363"/>
</kw>
<kw name="Input Text" library="SeleniumLibrary">
<arg>(//input[@id='FirstName'])[1]</arg>
<arg>${first_name}</arg>
<doc>Types the given ``text`` into the text field identified by ``locator``.</doc>
<msg timestamp="20231109 15:21:46.363" level="INFO">Typing text 'Michael' into text field '(//input[@id='FirstName'])[1]'.</msg>
<status status="PASS" starttime="20231109 15:21:46.363" endtime="20231109 15:21:46.481"/>
</kw>
<kw name="Input Text" library="SeleniumLibrary">
<arg>(//input[@id='LastName'])[1]</arg>
<arg>${last_name}</arg>
<doc>Types the given ``text`` into the text field identified by ``locator``.</doc>
<msg timestamp="20231109 15:21:46.481" level="INFO">Typing text 'Brown' into text field '(//input[@id='LastName'])[1]'.</msg>
<status status="PASS" starttime="20231109 15:21:46.481" endtime="20231109 15:21:46.559"/>
</kw>
<kw name="Sleep" library="BuiltIn">
<arg>2s</arg>
<doc>Pauses the test executed for the given time.</doc>
<msg timestamp="20231109 15:21:48.562" level="INFO">Slept 2 seconds</msg>
<status status="PASS" starttime="20231109 15:21:46.559" endtime="20231109 15:21:48.562"/>
</kw>
<kw name="Execute Javascript" library="SeleniumLibrary">
<var>${random_email}</var>
<arg>return Math.random().toString(36).substring(7) + "@example.com"</arg>
<doc>Executes the given JavaScript code with possible arguments.</doc>
<msg timestamp="20231109 15:21:48.562" level="INFO">Executing JavaScript:
return Math.random().toString(36).substring(7) + "@example.com"
Without any arguments.</msg>
<msg timestamp="20231109 15:21:48.562" level="INFO">${random_email} = w09sz@example.com</msg>
<status status="PASS" starttime="20231109 15:21:48.562" endtime="20231109 15:21:48.562"/>
</kw>
<kw name="Input Text" library="SeleniumLibrary">
<arg>(//input[@id='Email'])[1]</arg>
<arg>${random_email}</arg>
<doc>Types the given ``text`` into the text field identified by ``locator``.</doc>
<msg timestamp="20231109 15:21:48.578" level="INFO">Typing text 'w09sz@example.com' into text field '(//input[@id='Email'])[1]'.</msg>
<status status="PASS" starttime="20231109 15:21:48.578" endtime="20231109 15:21:48.740"/>
</kw>
<kw name="Set Global Variable" library="BuiltIn">
<arg>${random_email}</arg>
<doc>Makes a variable available globally in all tests and suites.</doc>
<msg timestamp="20231109 15:21:48.741" level="INFO">${random_email} = w09sz@example.com</msg>
<status status="PASS" starttime="20231109 15:21:48.741" endtime="20231109 15:21:48.742"/>
</kw>
<kw name="Sleep" library="BuiltIn">
<arg>3</arg>
<doc>Pauses the test executed for the given time.</doc>
<msg timestamp="20231109 15:21:51.753" level="INFO">Slept 3 seconds</msg>
<status status="PASS" starttime="20231109 15:21:48.742" endtime="20231109 15:21:51.753"/>
</kw>
<kw name="Input Text" library="SeleniumLibrary">
<arg>(//input[@id='Password'])[1]</arg>
<arg>${password}</arg>
<doc>Types the given ``text`` into the text field identified by ``locator``.</doc>
<msg timestamp="20231109 15:21:51.753" level="INFO">Typing text 'admin123' into text field '(//input[@id='Password'])[1]'.</msg>
<status status="PASS" starttime="20231109 15:21:51.753" endtime="20231109 15:21:51.859"/>
</kw>
<kw name="Input Text" library="SeleniumLibrary">
<arg>(//input[@id='ConfirmPassword'])[1]</arg>
<arg>${password}</arg>
<doc>Types the given ``text`` into the text field identified by ``locator``.</doc>
<msg timestamp="20231109 15:21:51.859" level="INFO">Typing text 'admin123' into text field '(//input[@id='ConfirmPassword'])[1]'.</msg>
<status status="PASS" starttime="20231109 15:21:51.859" endtime="20231109 15:21:51.954"/>
</kw>
<kw name="Sleep" library="BuiltIn">
<arg>2</arg>
<doc>Pauses the test executed for the given time.</doc>
<msg timestamp="20231109 15:21:53.969" level="INFO">Slept 2 seconds</msg>
<status status="PASS" starttime="20231109 15:21:51.955" endtime="20231109 15:21:53.969"/>
</kw>
<status status="PASS" starttime="20231109 15:21:46.273" endtime="20231109 15:21:53.969"/>
</kw>
<kw name="And De gebruiker klikt op de registratieknop" library="Checkout">
<kw name="Click Element" library="SeleniumLibrary">
<arg>(//input[@id='register-button'])[1]</arg>
<doc>Click the element identified by ``locator``.</doc>
<msg timestamp="20231109 15:21:53.969" level="INFO">Clicking element '(//input[@id='register-button'])[1]'.</msg>
<status status="PASS" starttime="20231109 15:21:53.969" endtime="20231109 15:21:54.704"/>
</kw>
<kw name="Sleep" library="BuiltIn">
<arg>3</arg>
<doc>Pauses the test executed for the given time.</doc>
<msg timestamp="20231109 15:21:57.717" level="INFO">Slept 3 seconds</msg>
<status status="PASS" starttime="20231109 15:21:54.704" endtime="20231109 15:21:57.717"/>
</kw>
<status status="PASS" starttime="20231109 15:21:53.969" endtime="20231109 15:21:57.717"/>
</kw>
<kw name="Then wordt de gebruiker geregistreerd en ingelogd" library="Checkout">
<kw name="Set Variable" library="BuiltIn">
<var>${expected_text}</var>
<arg>Your registration completed</arg>
<doc>Returns the given values which can then be assigned to a variables.</doc>
<msg timestamp="20231109 15:21:57.717" level="INFO">${expected_text} = Your registration completed</msg>
<status status="PASS" starttime="20231109 15:21:57.717" endtime="20231109 15:21:57.717"/>
</kw>
<kw name="Get Text" library="SeleniumLibrary">
<var>${actual_text}</var>
<arg>(//div[@class='result'])[1]</arg>
<doc>Returns the text value of the element identified by ``locator``.</doc>
<msg timestamp="20231109 15:21:57.756" level="INFO">${actual_text} = Your registration completed</msg>
<status status="PASS" starttime="20231109 15:21:57.717" endtime="20231109 15:21:57.756"/>
</kw>
<kw name="Should Be Equal" library="BuiltIn">
<arg>${actual_text}</arg>
<arg>${expected_text}</arg>
<doc>Fails if the given objects are unequal.</doc>
<status status="PASS" starttime="20231109 15:21:57.756" endtime="20231109 15:21:57.756"/>
</kw>
<status status="PASS" starttime="20231109 15:21:57.717" endtime="20231109 15:21:57.756"/>
</kw>
<kw name="Sleep" library="BuiltIn">
<arg>5</arg>
<doc>Pauses the test executed for the given time.</doc>
<msg timestamp="20231109 15:22:02.758" level="INFO">Slept 5 seconds</msg>
<status status="PASS" starttime="20231109 15:21:57.756" endtime="20231109 15:22:02.758"/>
</kw>
<kw name="Close Browser" library="SeleniumLibrary">
<doc>Closes the current browser.</doc>
<status status="PASS" starttime="20231109 15:22:02.758" endtime="20231109 15:22:04.985"/>
</kw>
<status status="PASS" starttime="20231109 15:21:43.690" endtime="20231109 15:22:04.987"/>
</test>
<status status="PASS" starttime="20231109 15:21:41.116" endtime="20231109 15:22:04.987"/>
</suite>
<statistics>
<total>
<stat pass="1" fail="0" skip="0">All Tests</stat>
</total>
<tag>
</tag>
<suite>
<stat pass="1" fail="0" skip="0" id="s1" name="Opencomputer">Opencomputer</stat>
</suite>
</statistics>
<errors>
<msg timestamp="20231109 15:21:43.607" level="ERROR">Error in file 'c:\Users\Bemnet\Robotframework\..Resource\Checkout.robot' on line 3: Error in file 'c:\Users\Bemnet\Robotframework\..Resource\Regtest.robot' on line 124: Resource file with 'Test Cases' section is invalid.</msg>
<msg timestamp="20231109 15:21:43.660" level="ERROR">Error in file 'c:\Users\Bemnet\Robotframework\..Resource\Register.robot' on line 6: Error in file 'c:\Users\Bemnet\Robotframework\..Resource\Name.robot' on line 11: Resource file with 'Test Cases' section is invalid.</msg>
<msg timestamp="20231109 15:21:43.660" level="ERROR">Error in file 'c:\Users\Bemnet\Robotframework\..Resource\Testcases\Opencomputer.robot' on line 6: Error in file 'c:\Users\Bemnet\Robotframework\..Resource\Name.robot' on line 11: Resource file with 'Test Cases' section is invalid.</msg>
<msg timestamp="20231109 15:21:43.682" level="ERROR">Error in file 'c:\Users\Bemnet\Robotframework\..Resource\Testcases\Opencomputer.robot' on line 7: Error in file 'c:\Users\Bemnet\Robotframework\..Resource\Regtest.robot' on line 124: Resource file with 'Test Cases' section is invalid.</msg>
</errors>
</robot>
